<?xml version="1.0" encoding="UTF-8"?>
<!-- Generated by org.testng.reporters.JUnitXMLReporter -->
<testsuite ignored="0" hostname="LAPTOP-D4S67GNG" failures="0" tests="4" name="Test" time="0.041" errors="0" timestamp="2022-05-01T17:00:15 IST">
  <testcase classname="qaclickacademy.Mavenjava.RestAPITest" name="Postjira" time="0.011"/>
  <testcase classname="qaclickacademy.Mavenjava.RestAPITest" name="deleteTwitter" time="0.002"/>
  <testcase classname="qaclickacademy.Mavenjava.AppiumTest" name="IOS" time="0.001"/>
  <testcase classname="qaclickacademy.Mavenjava.AppiumTest" name="NativeAppAndriod" time="0.001"/>
</testsuite> <!-- Test -->
