<?xml version="1.0" encoding="UTF-8"?>
<testng-results ignored="0" total="4" passed="4" failed="0" skipped="0">
  <reporter-output>
  </reporter-output>
  <suite started-at="2022-05-01T17:00:15 IST" name="Suite" finished-at="2022-05-01T17:00:15 IST" duration-ms="41">
    <groups>
    </groups>
    <test started-at="2022-05-01T17:00:15 IST" name="Test" finished-at="2022-05-01T17:00:15 IST" duration-ms="41">
      <class name="qaclickacademy.Mavenjava.RestAPITest">
        <test-method signature="Postjira()[pri:0, instance:qaclickacademy.Mavenjava.RestAPITest@4f2b503c]" started-at="2022-05-01T17:00:15 IST" name="Postjira" finished-at="2022-05-01T17:00:15 IST" duration-ms="11" status="PASS">
          <reporter-output>
          </reporter-output>
        </test-method> <!-- Postjira -->
        <test-method signature="deleteTwitter()[pri:0, instance:qaclickacademy.Mavenjava.RestAPITest@4f2b503c]" started-at="2022-05-01T17:00:15 IST" name="deleteTwitter" finished-at="2022-05-01T17:00:15 IST" duration-ms="2" status="PASS">
          <reporter-output>
          </reporter-output>
        </test-method> <!-- deleteTwitter -->
      </class> <!-- qaclickacademy.Mavenjava.RestAPITest -->
      <class name="qaclickacademy.Mavenjava.AppiumTest">
        <test-method signature="IOS()[pri:0, instance:qaclickacademy.Mavenjava.AppiumTest@31fa1761]" started-at="2022-05-01T17:00:15 IST" name="IOS" finished-at="2022-05-01T17:00:15 IST" duration-ms="1" status="PASS">
          <reporter-output>
          </reporter-output>
        </test-method> <!-- IOS -->
        <test-method signature="NativeAppAndriod()[pri:0, instance:qaclickacademy.Mavenjava.AppiumTest@31fa1761]" started-at="2022-05-01T17:00:15 IST" name="NativeAppAndriod" finished-at="2022-05-01T17:00:15 IST" duration-ms="1" status="PASS">
          <reporter-output>
          </reporter-output>
        </test-method> <!-- NativeAppAndriod -->
      </class> <!-- qaclickacademy.Mavenjava.AppiumTest -->
    </test> <!-- Test -->
  </suite> <!-- Suite -->
</testng-results>
